<?xml version="1.0" encoding="UTF-8"?>
<testng-results ignored="0" total="1" passed="1" failed="0" skipped="0">
  <reporter-output>
  </reporter-output>
  <suite started-at="2020-04-27T10:14:32 GMT+04:00" name="Surefire suite" finished-at="2020-04-27T10:14:33 GMT+04:00" duration-ms="168">
    <groups>
    </groups>
    <test started-at="2020-04-27T10:14:32 GMT+04:00" name="Surefire test" finished-at="2020-04-27T10:14:33 GMT+04:00" duration-ms="168">
      <class name="java_test.AppTest">
        <test-method signature="shouldAnswerWithTrue()" started-at="2020-04-27T10:14:32 GMT+04:00" name="shouldAnswerWithTrue" finished-at="2020-04-27T10:14:32 GMT+04:00" duration-ms="33" status="PASS">
          <reporter-output>
          </reporter-output>
        </test-method> <!-- shouldAnswerWithTrue -->
      </class> <!-- java_test.AppTest -->
    </test> <!-- Surefire test -->
  </suite> <!-- Surefire suite -->
</testng-results>
